<?xml version="1.0" encoding="UTF-8"?>
<testsuite xmlns:xsi="http://www.w3.org/2001/XMLSchema-instance" xsi:noNamespaceSchemaLocation="https://maven.apache.org/surefire/maven-surefire-plugin/xsd/surefire-test-report-3.0.xsd" version="3.0" name="com.assignment.CaseKaroTest" time="26.004" tests="1" errors="0" skipped="0" failures="0">
  <properties>
[...]
</properties>
  <testcase name="testCaseKaroFullWorkflow" classname="com.assignment.CaseKaroTest" time="23.718">
    <system-out><![CDATA[VALIDATION: Successfully added Hard
VALIDATION: Successfully added Soft
VALIDATION: Successfully added Glass
]]></system-out>
    <system-err><![CDATA[
>>> [DEBUG] Final Cart Summary:
===============================================================
ITEM #1
   Material : Glass
   Price    : ₹ 249.00
   Link     : https://casekaro.com/products/classic-porsche-911-iphone-16-pro-back-cover?variant=41955668263030
---------------------------------------------------------------
ITEM #2
   Material : Soft
   Price    : ₹ 149.00
   Link     : https://casekaro.com/products/classic-porsche-911-iphone-16-pro-back-cover?variant=41955668230262
---------------------------------------------------------------
ITEM #3
   Material : Hard
   Price    : ₹ 69.00
   Link     : https://casekaro.com/products/classic-porsche-911-iphone-16-pro-back-cover?variant=41955668197494
---------------------------------------------------------------
===============================================================
]]></system-err>
  </testcase>
</testsuite>